2024-01-25 16:50:54,425 WARNING Start log:2024-01-25 16:50:54.425660
2024-01-25 16:51:01,077 INFO Искомый ИНН: 2801068082
2024-01-25 16:51:01,077 WARNING Открытый ИНН: 2801068082
2024-01-25 16:51:01,078 INFO Тест успешен. Искомый ИНН (2801068082) совпадает с ИНН в открытой карточке (2801068082)
2024-01-25 16:51:01,209 WARNING Start log:2024-01-25 16:51:01.209693
2024-01-25 16:51:05,845 INFO Искомый ОГРН: 1022800536440
2024-01-25 16:51:05,845 WARNING Открытый ОГРН: 1022800536440
2024-01-25 16:51:05,845 INFO Тест успешен. Искомый ОГРН (1022800536440) совпадает с ОГРН в открытой карточке (1022800536440)
2024-01-25 18:00:47,239 WARNING Start log:2024-01-25 18:00:47.238876
2024-01-25 18:00:52,023 INFO Открыта страница поиска
2024-01-25 18:00:52,072 WARNING Искомая строка: ООО "Рога и Копыта"
2024-01-25 18:00:52,072 WARNING Полученная из поисковой выдачи строка:  ООО "Рога и Копыта" 
2024-01-25 18:18:47,619 WARNING Start log:2024-01-25 18:18:47.618779
2024-01-25 18:18:51,749 INFO Открыта страница компании
2024-01-25 19:06:43,481 WARNING Start log:2024-01-25 19:06:43.481211
2024-01-25 19:06:48,028 INFO Открыта страница 'Выписка из ЕГРЮЛ' для организации ООО "РОГА И КОПЫТА"
2024-01-25 19:26:04,052 WARNING Start log:2024-01-25 19:26:04.052355
2024-01-25 19:26:15,148 INFO Открыта страница 'Реквизиты' для организации ООО "Рога и Копыта"
2024-01-25 20:45:08,940 WARNING Start log:2024-01-25 20:45:08.940541
2024-01-25 20:45:19,451 INFO Скопированное значение ОГРН: 1022800536440
2024-01-25 23:28:00,664 WARNING Start log:2024-01-25 23:28:00.663870
2024-01-25 23:28:05,163 INFO Пароль t37SvI82 проходит проверку 'надежности'
2024-01-25 23:28:05,245 INFO Пароль 1236F не проходит проверку 'надежности'
2024-01-26 00:04:46,396 WARNING Start log:2024-01-26 00:04:46.396207
2024-01-26 00:05:01,585 INFO Произведен вход в аккаунт: John
2024-01-26 00:05:49,084 WARNING Start log:2024-01-26 00:05:49.084736
2024-01-26 00:06:13,504 WARNING Start log:2024-01-26 00:06:13.504133
2024-01-26 00:06:19,637 WARNING Start log:2024-01-26 00:06:19.637713
2024-01-26 00:06:24,003 INFO Скопированное значение ОГРН: 1022800536440
2024-01-26 00:06:24,125 WARNING Start log:2024-01-26 00:06:24.125486
2024-01-26 00:06:31,632 WARNING Переход на сайт выполнен успешно
2024-01-26 00:06:31,632 INFO Title: Проверка и анализ российских юридических лиц и предпринимателей
2024-01-26 00:06:31,632 INFO Description: Сервис проверки и анализа российских юридических лиц и предпринимателей. Только актуальные данные из официальных источников.
2024-01-26 00:06:31,729 WARNING Start log:2024-01-26 00:06:31.729539
2024-01-26 00:06:35,378 INFO Открыта страница 'Выписка из ЕГРЮЛ' для организации ООО "РОГА И КОПЫТА"
2024-01-26 00:06:35,501 WARNING Start log:2024-01-26 00:06:35.500952
2024-01-26 00:06:39,686 INFO Открыта страница компании
2024-01-26 00:06:39,808 WARNING Start log:2024-01-26 00:06:39.808092
2024-01-26 00:06:43,818 INFO Пароль t37SvI82 проходит проверку 'надежности'
2024-01-26 00:06:43,889 INFO Пароль 1236F не проходит проверку 'надежности'
2024-01-26 00:06:44,018 WARNING Start log:2024-01-26 00:06:44.018519
2024-01-26 00:06:59,116 WARNING Start log:2024-01-26 00:06:59.116076
2024-01-26 00:07:03,212 INFO Открыта страница 'Реквизиты' для организации ООО "Рога и Копыта"
2024-01-26 00:07:03,329 WARNING Start log:2024-01-26 00:07:03.329910
2024-01-26 00:07:08,202 INFO Искомый ИНН: 2801068082
2024-01-26 00:07:08,202 WARNING Открытый ИНН: 2801068082
2024-01-26 00:07:08,202 INFO Тест успешен. Искомый ИНН (2801068082) совпадает с ИНН в открытой карточке (2801068082)
2024-01-26 00:07:08,330 WARNING Start log:2024-01-26 00:07:08.330535
2024-01-26 00:07:13,326 INFO Открыта страница поиска
2024-01-26 00:07:13,378 WARNING Искомая строка: ООО "Рога и Копыта"
2024-01-26 00:07:13,379 WARNING Полученная из поисковой выдачи строка:  ООО "Рога и Копыта" 
2024-01-26 00:07:13,508 WARNING Start log:2024-01-26 00:07:13.507978
2024-01-26 00:07:18,120 INFO Искомый ОГРН: 1022800536440
2024-01-26 00:07:18,123 WARNING Открытый ОГРН: 1022800536440
2024-01-26 00:07:18,123 INFO Тест успешен. Искомый ОГРН (1022800536440) совпадает с ОГРН в открытой карточке (1022800536440)
2024-01-26 00:10:02,613 WARNING Start log:2024-01-26 00:10:02.612675
2024-01-26 00:10:08,543 INFO Искомый ИНН: 2801068082
2024-01-26 00:10:08,543 WARNING Открытый ИНН: 2801068082
2024-01-26 00:10:08,544 INFO Тест успешен. Искомый ИНН (2801068082) совпадает с ИНН в открытой карточке (2801068082)
2024-01-26 00:10:08,720 WARNING Start log:2024-01-26 00:10:08.720025
2024-01-26 00:10:13,394 INFO Искомый ОГРН: 1022800536440
2024-01-26 00:10:13,395 WARNING Открытый ОГРН: 1022800536440
2024-01-26 00:10:13,395 INFO Тест успешен. Искомый ОГРН (1022800536440) совпадает с ОГРН в открытой карточке (1022800536440)
2024-01-26 00:10:13,520 WARNING Start log:2024-01-26 00:10:13.520621
2024-01-26 00:10:17,927 INFO Открыта страница поиска
2024-01-26 00:10:17,994 WARNING Искомая строка: ООО "Рога и Копыта"
2024-01-26 00:10:17,994 WARNING Полученная из поисковой выдачи строка:  ООО "Рога и Копыта" 
2024-01-26 00:10:18,108 WARNING Start log:2024-01-26 00:10:18.108893
2024-01-26 00:10:21,948 INFO Открыта страница компании
2024-01-26 00:10:22,065 WARNING Start log:2024-01-26 00:10:22.064983
2024-01-26 00:10:26,402 INFO Открыта страница 'Выписка из ЕГРЮЛ' для организации ООО "РОГА И КОПЫТА"
2024-01-26 00:10:26,522 WARNING Start log:2024-01-26 00:10:26.522939
2024-01-26 00:10:31,930 INFO Открыта страница 'Реквизиты' для организации ООО "Рога и Копыта"
2024-01-26 00:10:32,037 WARNING Start log:2024-01-26 00:10:32.036979
2024-01-26 00:10:37,089 INFO Скопированное значение ОГРН: 1022800536440
2024-01-26 00:10:37,193 WARNING Start log:2024-01-26 00:10:37.193529
2024-01-26 00:10:41,821 WARNING Start log:2024-01-26 00:10:41.820941
2024-01-26 00:10:46,945 INFO Пароль t37SvI82 проходит проверку 'надежности'
2024-01-26 00:10:47,048 INFO Пароль 1236F не проходит проверку 'надежности'
2024-01-26 00:12:00,907 WARNING Start log:2024-01-26 00:12:00.907385
2024-01-26 00:12:18,629 INFO Произведен вход в аккаунт: John
